########### array before sorts ###########
0	3.870969	50.322481	41.717166	50.322481	n
1	41.717166	50.322481	41.717166	118.836600	n
2	41.717166	118.836600	3.870966	118.836600	n
3	3.870966	118.836600	3.870969	50.322481	n
Tolerance=0.050000.
*Exact match for i=0 and j=1.
*i point 3.870969	50.322481	41.717166	50.322481	y
*Exact match for i=1 and j=2.
*i point 41.717166	50.322481	41.717166	118.836600	y
*Exact match for i=2 and j=3.
*i point 41.717166	118.836600	3.870966	118.836600	y
########### array after sorts ###########
0	3.870969	50.322481	41.717166	50.322481	y
1	41.717166	50.322481	41.717166	118.836600	y
2	41.717166	118.836600	3.870966	118.836600	y
3	3.870966	118.836600	3.870969	50.322481	y
***************
.BOARD_OUTLINE UNOWNED
1.6
0     3.870969     50.322481     0
0     41.717166     50.322481     0
0     41.717166     118.836600     0
0     3.870966     118.836600     0
0     3.870969     50.322481     0
